Using pre-set license
Built from '2021.3/staging' branch; Version is '2021.3.6f1 (7da38d85baf6) revision 8233869'; Using compiler version '192829333'; Build Type 'Release'
OS: 'Windows 10  (10.0.19044) 64bit EnterpriseS' Language: 'ru' Physical Memory: 32670 MB
BatchMode: 1, IsHumanControllingUs: 0, StartBugReporterOnCrash: 0, Is64bit: 1, IsPro: 1

COMMAND LINE ARGUMENTS:
C:\Program Files\Unity\Hub\Editor\2021.3.6f1\Editor\Unity.exe
-adb2
-batchMode
-noUpm
-name
AssetImportWorker0
-projectPath
C:/Users/Dmitry Milovanov/source/UnityCource/UnityExcemple/L1_7
-logFile
Logs/AssetImportWorker0.log
-srvPort
62046
Successfully changed project path to: C:/Users/Dmitry Milovanov/source/UnityCource/UnityExcemple/L1_7
C:/Users/Dmitry Milovanov/source/UnityCource/UnityExcemple/L1_7
[UnityMemory] Configuration Parameters - Can be set up in boot.config
    "memorysetup-bucket-allocator-granularity=16"
    "memorysetup-bucket-allocator-bucket-count=8"
    "memorysetup-bucket-allocator-block-size=33554432"
    "memorysetup-bucket-allocator-block-count=8"
    "memorysetup-main-allocator-block-size=16777216"
    "memorysetup-thread-allocator-block-size=16777216"
    "memorysetup-gfx-main-allocator-block-size=16777216"
    "memorysetup-gfx-thread-allocator-block-size=16777216"
    "memorysetup-cache-allocator-block-size=4194304"
    "memorysetup-typetree-allocator-block-size=2097152"
    "memorysetup-profiler-bucket-allocator-granularity=16"
    "memorysetup-profiler-bucket-allocator-bucket-count=8"
    "memorysetup-profiler-bucket-allocator-block-size=33554432"
    "memorysetup-profiler-bucket-allocator-block-count=8"
    "memorysetup-profiler-allocator-block-size=16777216"
    "memorysetup-profiler-editor-allocator-block-size=1048576"
    "memorysetup-temp-allocator-size-main=16777216"
    "memorysetup-job-temp-allocator-block-size=2097152"
    "memorysetup-job-temp-allocator-block-size-background=1048576"
    "memorysetup-job-temp-allocator-reduction-small-platforms=262144"
    "memorysetup-temp-allocator-size-background-worker=32768"
    "memorysetup-temp-allocator-size-job-worker=262144"
    "memorysetup-temp-allocator-size-preload-manager=33554432"
    "memorysetup-temp-allocator-size-nav-mesh-worker=65536"
    "memorysetup-temp-allocator-size-audio-worker=65536"
    "memorysetup-temp-allocator-size-cloud-worker=32768"
    "memorysetup-temp-allocator-size-gi-baking-worker=262144"
    "memorysetup-temp-allocator-size-gfx=262144"
Refreshing native plugins compatible for Editor in 117.85 ms, found 5 plugins.
Preloading 0 native plugins for Editor in 0.00 ms.
Initialize engine version: 2021.3.6f1 (7da38d85baf6)
[Subsystems] Discovering subsystems at path C:/Program Files/Unity/Hub/Editor/2021.3.6f1/Editor/Data/Resources/UnitySubsystems
[Subsystems] Discovering subsystems at path C:/Users/Dmitry Milovanov/source/UnityCource/UnityExcemple/L1_7/Assets
GfxDevice: creating device client; threaded=0; jobified=0
Direct3D:
    Version:  Direct3D 11.0 [level 11.1]
    Renderer: NVIDIA T400 (ID=0x1fb2)
    Vendor:   NVIDIA
    VRAM:     1932 MB
    Driver:   30.0.15.1259
Initialize mono
Mono path[0] = 'C:/Program Files/Unity/Hub/Editor/2021.3.6f1/Editor/Data/Managed'
Mono path[1] = 'C:/Program Files/Unity/Hub/Editor/2021.3.6f1/Editor/Data/MonoBleedingEdge/lib/mono/unityjit-win32'
Mono config path = 'C:/Program Files/Unity/Hub/Editor/2021.3.6f1/Editor/Data/MonoBleedingEdge/etc'
Using monoOptions --debugger-agent=transport=dt_socket,embedding=1,server=y,suspend=n,address=127.0.0.1:56416
Begin MonoManager ReloadAssembly
Registering precompiled unity dll's ...
Register platform support module: C:/Program Files/Unity/Hub/Editor/2021.3.6f1/Editor/Data/PlaybackEngines/WebGLSupport/UnityEditor.WebGL.Extensions.dll
Register platform support module: C:/Program Files/Unity/Hub/Editor/2021.3.6f1/Editor/Data/PlaybackEngines/WindowsStandaloneSupport/UnityEditor.WindowsStandalone.Extensions.dll
Registered in 0.008435 seconds.
Native extension for WindowsStandalone target not found
Native extension for WebGL target not found
Refreshing native plugins compatible for Editor in 112.97 ms, found 5 plugins.
Preloading 0 native plugins for Editor in 0.00 ms.
Mono: successfully reloaded assembly
- Completed reload, in  0.828 seconds
Domain Reload Profiling:
	ReloadAssembly (829ms)
		BeginReloadAssembly (94ms)
			ExecutionOrderSort (0ms)
			DisableScriptedObjects (0ms)
			BackupInstance (0ms)
			ReleaseScriptingObjects (0ms)
			CreateAndSetChildDomain (1ms)
		EndReloadAssembly (592ms)
			LoadAssemblies (91ms)
			RebuildTransferFunctionScriptingTraits (0ms)
			SetupTypeCache (131ms)
			ReleaseScriptCaches (0ms)
			RebuildScriptCaches (38ms)
			SetupLoadedEditorAssemblies (357ms)
				LogAssemblyErrors (0ms)
				InitializePlatformSupportModulesInManaged (12ms)
				SetLoadedEditorAssemblies (0ms)
				RefreshPlugins (113ms)
				BeforeProcessingInitializeOnLoad (2ms)
				ProcessInitializeOnLoadAttributes (171ms)
				ProcessInitializeOnLoadMethodAttributes (59ms)
				AfterProcessingInitializeOnLoad (0ms)
				EditorAssembliesLoaded (0ms)
			ExecutionOrderSort2 (0ms)
			AwakeInstancesAfterBackupRestoration (0ms)
Platform modules already initialized, skipping
Registering precompiled user dll's ...
Registered in 0.007230 seconds.
Begin MonoManager ReloadAssembly
Native extension for WindowsStandalone target not found
Native extension for WebGL target not found
Refreshing native plugins compatible for Editor in 0.89 ms, found 5 plugins.
Preloading 0 native plugins for Editor in 0.00 ms.
Mono: successfully reloaded assembly
- Completed reload, in  1.401 seconds
Domain Reload Profiling:
	ReloadAssembly (1402ms)
		BeginReloadAssembly (149ms)
			ExecutionOrderSort (0ms)
			DisableScriptedObjects (8ms)
			BackupInstance (0ms)
			ReleaseScriptingObjects (0ms)
			CreateAndSetChildDomain (26ms)
		EndReloadAssembly (1109ms)
			LoadAssemblies (112ms)
			RebuildTransferFunctionScriptingTraits (0ms)
			SetupTypeCache (337ms)
			ReleaseScriptCaches (1ms)
			RebuildScriptCaches (77ms)
			SetupLoadedEditorAssemblies (532ms)
				LogAssemblyErrors (0ms)
				InitializePlatformSupportModulesInManaged (9ms)
				SetLoadedEditorAssemblies (1ms)
				RefreshPlugins (1ms)
				BeforeProcessingInitializeOnLoad (141ms)
				ProcessInitializeOnLoadAttributes (334ms)
				ProcessInitializeOnLoadMethodAttributes (38ms)
				AfterProcessingInitializeOnLoad (8ms)
				EditorAssembliesLoaded (0ms)
			ExecutionOrderSort2 (0ms)
			AwakeInstancesAfterBackupRestoration (9ms)
Platform modules already initialized, skipping
========================================================================
Worker process is ready to serve import requests
Launched and connected shader compiler UnityShaderCompiler.exe after 0.04 seconds
Refreshing native plugins compatible for Editor in 0.91 ms, found 5 plugins.
Preloading 0 native plugins for Editor in 0.00 ms.
Unloading 3892 Unused Serialized files (Serialized files now loaded: 0)
Unloading 31 unused Assets / (147.5 KB). Loaded Objects now: 4351.
Memory consumption went from 139.1 MB to 139.0 MB.
Total: 4.058500 ms (FindLiveObjects: 0.373900 ms CreateObjectMapping: 0.216900 ms MarkObjects: 3.291200 ms  DeleteObjects: 0.174800 ms)

AssetImportParameters requested are different than current active one (requested -> active):
  custom:video-decoder-ogg-theora: a1e56fd34408186e4bbccfd4996cb3dc -> 
  custom:container-muxer-webm: aa71ff27fc2769a1b78a27578f13a17b -> 
  custom:container-demuxer-webm: 4f35f7cbe854078d1ac9338744f61a02 -> 
  custom:video-encoder-webm-vp8: eb34c28f22e8b96e1ab97ce403110664 -> 
  custom:audio-encoder-webm-vorbis: bf7c407c2cedff20999df2af8eb42d56 -> 
  custom:framework-win-MediaFoundation: 216162199b28c13a410421893ffa2e32 -> 
  custom:container-demuxer-ogg: 62fdf1f143b41e24485cea50d1cbac27 -> 
  custom:video-decoder-webm-vp8: 9c59270c3fd7afecdb556c50c9e8de78 -> 
  custom:audio-decoder-ogg-vorbis: bf7c407c2cedff20999df2af8eb42d56 -> 
========================================================================
Received Import Request.
  Time since last request: 13861.494091 seconds.
  path: Assets/New Material 2.mat
  artifactKey: Guid(6645d00f66a92684981636698714fefe) Importer(815301076,1909f56bfc062723c751e8b465ee728b)
Start importing Assets/New Material 2.mat using Guid(6645d00f66a92684981636698714fefe) Importer(815301076,1909f56bfc062723c751e8b465ee728b)  -> (artifact id: '9c9b86018c9d13d0d6959e5ddb063442') in 0.156579 seconds 
========================================================================
Received Import Request.
  Time since last request: 33.405712 seconds.
  path: Assets/Humanoid
  artifactKey: Guid(815033af4e56e4a4cbf965f598e0ab42) Importer(815301076,1909f56bfc062723c751e8b465ee728b)
Start importing Assets/Humanoid using Guid(815033af4e56e4a4cbf965f598e0ab42) Importer(815301076,1909f56bfc062723c751e8b465ee728b)  -> (artifact id: '4c8004602c5b48907601b5bca685de08') in 0.006873 seconds 
========================================================================
Received Import Request.
  Time since last request: 1.270654 seconds.
  path: Assets/ZombieAnimationPackFree
  artifactKey: Guid(4f238ff88397e2e4785c0332e9ef1a1d) Importer(815301076,1909f56bfc062723c751e8b465ee728b)
Start importing Assets/ZombieAnimationPackFree using Guid(4f238ff88397e2e4785c0332e9ef1a1d) Importer(815301076,1909f56bfc062723c751e8b465ee728b)  -> (artifact id: '9e449689962c690c6c2b5f0a8f972502') in 0.007425 seconds 
========================================================================
Received Import Request.
  Time since last request: 0.948161 seconds.
  path: Assets/Robot Kyle
  artifactKey: Guid(970a65a112116ec4cb51953bdfb06ce5) Importer(815301076,1909f56bfc062723c751e8b465ee728b)
Start importing Assets/Robot Kyle using Guid(970a65a112116ec4cb51953bdfb06ce5) Importer(815301076,1909f56bfc062723c751e8b465ee728b)  -> (artifact id: '1e4502a01212d77257892bb1c9af124a') in 0.006811 seconds 
========================================================================
Received Import Request.
  Time since last request: 18.756102 seconds.
  path: Assets/Materials
  artifactKey: Guid(0e0f3451537460c4fb3d5e9cd628fb8c) Importer(815301076,1909f56bfc062723c751e8b465ee728b)
Start importing Assets/Materials using Guid(0e0f3451537460c4fb3d5e9cd628fb8c) Importer(815301076,1909f56bfc062723c751e8b465ee728b)  -> (artifact id: '0411476879a19d4a2a4f55a5340f7087') in 0.007024 seconds 
========================================================================
Received Import Request.
  Time since last request: 28.010565 seconds.
  path: Assets/Cristal.mat
  artifactKey: Guid(882c77e3dbd5db64790dc50ee1a565d2) Importer(815301076,1909f56bfc062723c751e8b465ee728b)
Start importing Assets/Cristal.mat using Guid(882c77e3dbd5db64790dc50ee1a565d2) Importer(815301076,1909f56bfc062723c751e8b465ee728b)  -> (artifact id: 'f7db8c8307e992617cfa526d9db23a79') in 0.030308 seconds 
========================================================================
Received Import Request.
  Time since last request: 8.628509 seconds.
  path: Assets/Gold.mat
  artifactKey: Guid(6645d00f66a92684981636698714fefe) Importer(815301076,1909f56bfc062723c751e8b465ee728b)
Start importing Assets/Gold.mat using Guid(6645d00f66a92684981636698714fefe) Importer(815301076,1909f56bfc062723c751e8b465ee728b)  -> (artifact id: '1d5acb24c1e87cd4e8df7864dacae9c2') in 0.029888 seconds 
========================================================================
Received Import Request.
  Time since last request: 5.288431 seconds.
  path: Assets/Mars.mat
  artifactKey: Guid(62b237101fab7fd46b898f1420388789) Importer(815301076,1909f56bfc062723c751e8b465ee728b)
Start importing Assets/Mars.mat using Guid(62b237101fab7fd46b898f1420388789) Importer(815301076,1909f56bfc062723c751e8b465ee728b)  -> (artifact id: 'ef9ff02af36962b212062369780568f1') in 0.030587 seconds 
========================================================================
Received Import Request.
  Time since last request: 16.695033 seconds.
  path: Assets/Humanoid/Robot Kyle/Model
  artifactKey: Guid(abde4f6672db3b446bf2781e11956883) Importer(815301076,1909f56bfc062723c751e8b465ee728b)
Start importing Assets/Humanoid/Robot Kyle/Model using Guid(abde4f6672db3b446bf2781e11956883) Importer(815301076,1909f56bfc062723c751e8b465ee728b)  -> (artifact id: '01e86abb959a8ab008f6dca79b65898c') in 0.007429 seconds 
========================================================================
Received Import Request.
  Time since last request: 1.174808 seconds.
  path: Assets/Humanoid/Robot Kyle/Model/Robot Kyle.fbx
  artifactKey: Guid(320b1c2af77554f99a1658df4a6d3d5c) Importer(815301076,1909f56bfc062723c751e8b465ee728b)
Start importing Assets/Humanoid/Robot Kyle/Model/Robot Kyle.fbx using Guid(320b1c2af77554f99a1658df4a6d3d5c) Importer(815301076,1909f56bfc062723c751e8b465ee728b)  -> (artifact id: '417640cb5def1f9da7042c9925421f62') in 0.230564 seconds 
========================================================================
Received Import Request.
  Time since last request: 142.358991 seconds.
  path: Assets/Humanoid/ZombieAnimationPackFree/Models
  artifactKey: Guid(7fd43dd1f3f87554ea956b7940f0ff6a) Importer(815301076,1909f56bfc062723c751e8b465ee728b)
Start importing Assets/Humanoid/ZombieAnimationPackFree/Models using Guid(7fd43dd1f3f87554ea956b7940f0ff6a) Importer(815301076,1909f56bfc062723c751e8b465ee728b)  -> (artifact id: '729eda6cdad262bca72aeccbfb146928') in 0.007362 seconds 
========================================================================
Received Import Request.
  Time since last request: 1.200211 seconds.
  path: Assets/Humanoid/ZombieAnimationPackFree/Models/Appearance
  artifactKey: Guid(6c7b9ba407632d340a82a1792e781332) Importer(815301076,1909f56bfc062723c751e8b465ee728b)
Start importing Assets/Humanoid/ZombieAnimationPackFree/Models/Appearance using Guid(6c7b9ba407632d340a82a1792e781332) Importer(815301076,1909f56bfc062723c751e8b465ee728b)  -> (artifact id: '0f0fa5e4154ce4f710349542e8628605') in 0.007361 seconds 
========================================================================
Received Import Request.
  Time since last request: 2.288266 seconds.
  path: Assets/Humanoid/ZombieAnimationPackFree/Models/Appearance/BH-2
  artifactKey: Guid(38866cf8e3072bc419d7da533bb33f21) Importer(815301076,1909f56bfc062723c751e8b465ee728b)
Start importing Assets/Humanoid/ZombieAnimationPackFree/Models/Appearance/BH-2 using Guid(38866cf8e3072bc419d7da533bb33f21) Importer(815301076,1909f56bfc062723c751e8b465ee728b)  -> (artifact id: 'f9a69b2b6579a5435af124e43030ec6b') in 0.006854 seconds 
========================================================================
Received Import Request.
  Time since last request: 1.132970 seconds.
  path: Assets/Humanoid/ZombieAnimationPackFree/Models/Appearance/BH-2/Material
  artifactKey: Guid(f9a8b02b3da47aa4fb9e57fb41339220) Importer(815301076,1909f56bfc062723c751e8b465ee728b)
Start importing Assets/Humanoid/ZombieAnimationPackFree/Models/Appearance/BH-2/Material using Guid(f9a8b02b3da47aa4fb9e57fb41339220) Importer(815301076,1909f56bfc062723c751e8b465ee728b)  -> (artifact id: 'e07e03afed004d60b7643236cdd10436') in 0.006886 seconds 
========================================================================
Received Import Request.
  Time since last request: 0.000027 seconds.
  path: Assets/Humanoid/ZombieAnimationPackFree/Models/Appearance/BH-2/Material/BH_2.mat
  artifactKey: Guid(3a19134f7a6d1f1419f1e2dda797f129) Importer(815301076,1909f56bfc062723c751e8b465ee728b)
Start importing Assets/Humanoid/ZombieAnimationPackFree/Models/Appearance/BH-2/Material/BH_2.mat using Guid(3a19134f7a6d1f1419f1e2dda797f129) Importer(815301076,1909f56bfc062723c751e8b465ee728b)  -> (artifact id: '494ed8b4d91834fa8caaee69ffd0fd29') in 0.359261 seconds 
========================================================================
Received Import Request.
  Time since last request: 0.000029 seconds.
  path: Assets/Humanoid/ZombieAnimationPackFree/Models/Appearance/BH-2/Material/BH_2_GLASS.mat
  artifactKey: Guid(336af2cf970b95f46aec26056f05da00) Importer(815301076,1909f56bfc062723c751e8b465ee728b)
Start importing Assets/Humanoid/ZombieAnimationPackFree/Models/Appearance/BH-2/Material/BH_2_GLASS.mat using Guid(336af2cf970b95f46aec26056f05da00) Importer(815301076,1909f56bfc062723c751e8b465ee728b)  -> (artifact id: '6a8bbff596148a43e7a7e93c85816736') in 0.336584 seconds 
========================================================================
Received Import Request.
  Time since last request: 3.538306 seconds.
  path: Assets/Humanoid/ZombieAnimationPackFree/Models/Appearance/BH-2/Mesh
  artifactKey: Guid(e40f35e79af0d344c852c10f4bfdf92b) Importer(815301076,1909f56bfc062723c751e8b465ee728b)
Start importing Assets/Humanoid/ZombieAnimationPackFree/Models/Appearance/BH-2/Mesh using Guid(e40f35e79af0d344c852c10f4bfdf92b) Importer(815301076,1909f56bfc062723c751e8b465ee728b)  -> (artifact id: '5c908de1e5df0c63f822ee56bda3736f') in 0.007047 seconds 
========================================================================
Received Import Request.
  Time since last request: 1.184667 seconds.
  path: Assets/Humanoid/ZombieAnimationPackFree/Models/Appearance/BH-2/Mesh/BH-2 Free.fbx
  artifactKey: Guid(83df9562de1b27646afd2f8bfb8d8927) Importer(815301076,1909f56bfc062723c751e8b465ee728b)
Start importing Assets/Humanoid/ZombieAnimationPackFree/Models/Appearance/BH-2/Mesh/BH-2 Free.fbx using Guid(83df9562de1b27646afd2f8bfb8d8927) Importer(815301076,1909f56bfc062723c751e8b465ee728b)  -> (artifact id: 'c308932d71514ead724f8cd1b75d4b1d') in 0.094507 seconds 
========================================================================
Received Import Request.
  Time since last request: 99.993191 seconds.
  path: Assets/Humanoid/ZombieAnimationPackFree/Animations
  artifactKey: Guid(1ca2346e4b8be834da4b9fe667ac21df) Importer(815301076,1909f56bfc062723c751e8b465ee728b)
Start importing Assets/Humanoid/ZombieAnimationPackFree/Animations using Guid(1ca2346e4b8be834da4b9fe667ac21df) Importer(815301076,1909f56bfc062723c751e8b465ee728b)  -> (artifact id: 'a897d1b385a456ed747e461bc82dee1b') in 0.009035 seconds 
========================================================================
Received Import Request.
  Time since last request: 1.186125 seconds.
  path: Assets/Humanoid/ZombieAnimationPackFree/Animations/0-idle_agressive.fbx
  artifactKey: Guid(6ff84b2de0b0a4343b04ef9e8d358664) Importer(815301076,1909f56bfc062723c751e8b465ee728b)
Start importing Assets/Humanoid/ZombieAnimationPackFree/Animations/0-idle_agressive.fbx using Guid(6ff84b2de0b0a4343b04ef9e8d358664) Importer(815301076,1909f56bfc062723c751e8b465ee728b)  -> (artifact id: '00efc3eac21a9f8b222650b276ab161b') in 0.018301 seconds 
========================================================================
Received Import Request.
  Time since last request: 0.000024 seconds.
  path: Assets/Humanoid/ZombieAnimationPackFree/Animations/3-great_damage_torso_front.fbx
  artifactKey: Guid(e32fa2810c3134e43a88655493f323bb) Importer(815301076,1909f56bfc062723c751e8b465ee728b)
Start importing Assets/Humanoid/ZombieAnimationPackFree/Animations/3-great_damage_torso_front.fbx using Guid(e32fa2810c3134e43a88655493f323bb) Importer(815301076,1909f56bfc062723c751e8b465ee728b)  -> (artifact id: '240e13cc0bc3e4d790d958c5dcfd95c9') in 0.020457 seconds 
========================================================================
Received Import Request.
  Time since last request: 0.000027 seconds.
  path: Assets/Humanoid/ZombieAnimationPackFree/Animations/2-attack_inversed_horizontal_right_hand.fbx
  artifactKey: Guid(55303e9146226f94681094c17e4235e1) Importer(815301076,1909f56bfc062723c751e8b465ee728b)
Start importing Assets/Humanoid/ZombieAnimationPackFree/Animations/2-attack_inversed_horizontal_right_hand.fbx using Guid(55303e9146226f94681094c17e4235e1) Importer(815301076,1909f56bfc062723c751e8b465ee728b)  -> (artifact id: '1d970fca44504f9fd8de31c4266613fc') in 0.019030 seconds 
========================================================================
Received Import Request.
  Time since last request: 0.000023 seconds.
  path: Assets/Humanoid/ZombieAnimationPackFree/Animations/1-walk_chase_left.fbx
  artifactKey: Guid(83866ae06095e2240aac0c25dbcb9b3a) Importer(815301076,1909f56bfc062723c751e8b465ee728b)
Start importing Assets/Humanoid/ZombieAnimationPackFree/Animations/1-walk_chase_left.fbx using Guid(83866ae06095e2240aac0c25dbcb9b3a) Importer(815301076,1909f56bfc062723c751e8b465ee728b)  -> (artifact id: 'abe81140ffa548026ea5765256708041') in 0.016120 seconds 
========================================================================
Received Import Request.
  Time since last request: 0.000027 seconds.
  path: Assets/Humanoid/ZombieAnimationPackFree/Animations/10-death_fall_backward.fbx
  artifactKey: Guid(4c84b6795e5cce74a9c35146e05f4c0a) Importer(815301076,1909f56bfc062723c751e8b465ee728b)
Start importing Assets/Humanoid/ZombieAnimationPackFree/Animations/10-death_fall_backward.fbx using Guid(4c84b6795e5cce74a9c35146e05f4c0a) Importer(815301076,1909f56bfc062723c751e8b465ee728b)  -> (artifact id: '37c76356c2c709a92120882170d08f8e') in 0.016713 seconds 
========================================================================
Received Import Request.
  Time since last request: 0.000034 seconds.
  path: Assets/Humanoid/ZombieAnimationPackFree/Animations/1-walk_chase.fbx
  artifactKey: Guid(4427ff7ccdf204f49860d80928896422) Importer(815301076,1909f56bfc062723c751e8b465ee728b)
Start importing Assets/Humanoid/ZombieAnimationPackFree/Animations/1-walk_chase.fbx using Guid(4427ff7ccdf204f49860d80928896422) Importer(815301076,1909f56bfc062723c751e8b465ee728b)  -> (artifact id: '1410340d822fb616732f124652e94555') in 0.016302 seconds 
========================================================================
Received Import Request.
  Time since last request: 0.000026 seconds.
  path: Assets/Humanoid/ZombieAnimationPackFree/Animations/1-walk_chase_right.fbx
  artifactKey: Guid(0c0ee440147bca341bbdbfc41ab33e83) Importer(815301076,1909f56bfc062723c751e8b465ee728b)
Start importing Assets/Humanoid/ZombieAnimationPackFree/Animations/1-walk_chase_right.fbx using Guid(0c0ee440147bca341bbdbfc41ab33e83) Importer(815301076,1909f56bfc062723c751e8b465ee728b)  -> (artifact id: '36ca25a033974c69b89129e02f4141ca') in 0.017056 seconds 
========================================================================
Received Import Request.
  Time since last request: 4.339407 seconds.
  path: Assets/Humanoid/ZombieAnimationPackFree/Animations/ZombieDemo.controller
  artifactKey: Guid(7122db09428d8d149827cf7b2debf93a) Importer(815301076,1909f56bfc062723c751e8b465ee728b)
Start importing Assets/Humanoid/ZombieAnimationPackFree/Animations/ZombieDemo.controller using Guid(7122db09428d8d149827cf7b2debf93a) Importer(815301076,1909f56bfc062723c751e8b465ee728b)  -> (artifact id: '133204d15d459fc23a43844aad312702') in 0.020067 seconds 
========================================================================
Received Prepare
Registering precompiled user dll's ...
Registered in 0.006549 seconds.
Begin MonoManager ReloadAssembly
Native extension for WindowsStandalone target not found
Native extension for WebGL target not found
Refreshing native plugins compatible for Editor in 0.90 ms, found 5 plugins.
Preloading 0 native plugins for Editor in 0.00 ms.
Mono: successfully reloaded assembly
- Completed reload, in  1.300 seconds
Domain Reload Profiling:
	ReloadAssembly (1301ms)
		BeginReloadAssembly (172ms)
			ExecutionOrderSort (0ms)
			DisableScriptedObjects (7ms)
			BackupInstance (0ms)
			ReleaseScriptingObjects (0ms)
			CreateAndSetChildDomain (48ms)
		EndReloadAssembly (1006ms)
			LoadAssemblies (109ms)
			RebuildTransferFunctionScriptingTraits (0ms)
			SetupTypeCache (327ms)
			ReleaseScriptCaches (2ms)
			RebuildScriptCaches (60ms)
			SetupLoadedEditorAssemblies (455ms)
				LogAssemblyErrors (0ms)
				InitializePlatformSupportModulesInManaged (18ms)
				SetLoadedEditorAssemblies (1ms)
				RefreshPlugins (1ms)
				BeforeProcessingInitializeOnLoad (102ms)
				ProcessInitializeOnLoadAttributes (290ms)
				ProcessInitializeOnLoadMethodAttributes (36ms)
				AfterProcessingInitializeOnLoad (8ms)
				EditorAssembliesLoaded (0ms)
			ExecutionOrderSort2 (0ms)
			AwakeInstancesAfterBackupRestoration (8ms)
Platform modules already initialized, skipping
Refreshing native plugins compatible for Editor in 3.17 ms, found 5 plugins.
Preloading 0 native plugins for Editor in 0.00 ms.
Unloading 3861 Unused Serialized files (Serialized files now loaded: 0)
Unloading 24 unused Assets / (123.4 KB). Loaded Objects now: 4398.
Memory consumption went from 154.4 MB to 154.2 MB.
Total: 3.815600 ms (FindLiveObjects: 0.354400 ms CreateObjectMapping: 0.158700 ms MarkObjects: 3.151200 ms  DeleteObjects: 0.150300 ms)

AssetImportParameters requested are different than current active one (requested -> active):
  custom:video-decoder-ogg-theora: a1e56fd34408186e4bbccfd4996cb3dc -> 
  custom:container-muxer-webm: aa71ff27fc2769a1b78a27578f13a17b -> 
  custom:container-demuxer-webm: 4f35f7cbe854078d1ac9338744f61a02 -> 
  custom:video-encoder-webm-vp8: eb34c28f22e8b96e1ab97ce403110664 -> 
  custom:audio-encoder-webm-vorbis: bf7c407c2cedff20999df2af8eb42d56 -> 
  custom:framework-win-MediaFoundation: 216162199b28c13a410421893ffa2e32 -> 
  custom:container-demuxer-ogg: 62fdf1f143b41e24485cea50d1cbac27 -> 
  custom:video-decoder-webm-vp8: 9c59270c3fd7afecdb556c50c9e8de78 -> 
  custom:audio-decoder-ogg-vorbis: bf7c407c2cedff20999df2af8eb42d56 -> 
========================================================================
Received Prepare
Registering precompiled user dll's ...
Registered in 0.006491 seconds.
Begin MonoManager ReloadAssembly
Native extension for WindowsStandalone target not found
Native extension for WebGL target not found
Refreshing native plugins compatible for Editor in 0.90 ms, found 5 plugins.
Preloading 0 native plugins for Editor in 0.00 ms.
Mono: successfully reloaded assembly
- Completed reload, in  1.292 seconds
Domain Reload Profiling:
	ReloadAssembly (1293ms)
		BeginReloadAssembly (168ms)
			ExecutionOrderSort (0ms)
			DisableScriptedObjects (8ms)
			BackupInstance (0ms)
			ReleaseScriptingObjects (0ms)
			CreateAndSetChildDomain (46ms)
		EndReloadAssembly (1005ms)
			LoadAssemblies (107ms)
			RebuildTransferFunctionScriptingTraits (0ms)
			SetupTypeCache (326ms)
			ReleaseScriptCaches (2ms)
			RebuildScriptCaches (59ms)
			SetupLoadedEditorAssemblies (458ms)
				LogAssemblyErrors (0ms)
				InitializePlatformSupportModulesInManaged (18ms)
				SetLoadedEditorAssemblies (1ms)
				RefreshPlugins (1ms)
				BeforeProcessingInitializeOnLoad (103ms)
				ProcessInitializeOnLoadAttributes (292ms)
				ProcessInitializeOnLoadMethodAttributes (36ms)
				AfterProcessingInitializeOnLoad (8ms)
				EditorAssembliesLoaded (0ms)
			ExecutionOrderSort2 (0ms)
			AwakeInstancesAfterBackupRestoration (7ms)
Platform modules already initialized, skipping
Refreshing native plugins compatible for Editor in 3.05 ms, found 5 plugins.
Preloading 0 native plugins for Editor in 0.00 ms.
Unloading 3861 Unused Serialized files (Serialized files now loaded: 0)
Unloading 24 unused Assets / (115.9 KB). Loaded Objects now: 4401.
Memory consumption went from 154.4 MB to 154.3 MB.
Total: 4.320600 ms (FindLiveObjects: 0.359900 ms CreateObjectMapping: 0.186800 ms MarkObjects: 3.617700 ms  DeleteObjects: 0.155200 ms)

AssetImportParameters requested are different than current active one (requested -> active):
  custom:video-decoder-ogg-theora: a1e56fd34408186e4bbccfd4996cb3dc -> 
  custom:container-muxer-webm: aa71ff27fc2769a1b78a27578f13a17b -> 
  custom:container-demuxer-webm: 4f35f7cbe854078d1ac9338744f61a02 -> 
  custom:video-encoder-webm-vp8: eb34c28f22e8b96e1ab97ce403110664 -> 
  custom:audio-encoder-webm-vorbis: bf7c407c2cedff20999df2af8eb42d56 -> 
  custom:framework-win-MediaFoundation: 216162199b28c13a410421893ffa2e32 -> 
  custom:container-demuxer-ogg: 62fdf1f143b41e24485cea50d1cbac27 -> 
  custom:video-decoder-webm-vp8: 9c59270c3fd7afecdb556c50c9e8de78 -> 
  custom:audio-decoder-ogg-vorbis: bf7c407c2cedff20999df2af8eb42d56 -> 
========================================================================
Received Import Request.
  Time since last request: 506.309981 seconds.
  path: Assets/Humanoid/Robot Kyle/Materials
  artifactKey: Guid(38d3c5675540f0f4c8934f27b4cfc8e4) Importer(815301076,1909f56bfc062723c751e8b465ee728b)
Start importing Assets/Humanoid/Robot Kyle/Materials using Guid(38d3c5675540f0f4c8934f27b4cfc8e4) Importer(815301076,1909f56bfc062723c751e8b465ee728b)  -> (artifact id: '191e945c71e316f92c10bc1eb9b723e0') in 0.011625 seconds 
========================================================================
Received Import Request.
  Time since last request: 0.000029 seconds.
  path: Assets/Humanoid/Robot Kyle/Materials/Robot_Color.mat
  artifactKey: Guid(0aa851515cd3747d6b3b3e461199a2ed) Importer(815301076,1909f56bfc062723c751e8b465ee728b)
Start importing Assets/Humanoid/Robot Kyle/Materials/Robot_Color.mat using Guid(0aa851515cd3747d6b3b3e461199a2ed) Importer(815301076,1909f56bfc062723c751e8b465ee728b)  -> (artifact id: 'cac93eb5f533fba5822949ae4e9b2672') in 0.113681 seconds 
========================================================================
Received Import Request.
  Time since last request: 0.000023 seconds.
  path: Assets/Humanoid/Robot Kyle/Textures/Robot_Color.tga
  artifactKey: Guid(0a0e8af2869fa45f78e25460db578482) Importer(815301076,1909f56bfc062723c751e8b465ee728b)
Start importing Assets/Humanoid/Robot Kyle/Textures/Robot_Color.tga using Guid(0a0e8af2869fa45f78e25460db578482) Importer(815301076,1909f56bfc062723c751e8b465ee728b)  -> (artifact id: 'e3f471dd389bcb36318f552911f9362a') in 0.034909 seconds 
========================================================================
Received Import Request.
  Time since last request: 0.000026 seconds.
  path: Assets/Humanoid/Robot Kyle/Textures/Robot_Normal.tga
  artifactKey: Guid(94c473c9137744d7eabd829f1150da8d) Importer(815301076,1909f56bfc062723c751e8b465ee728b)
Start importing Assets/Humanoid/Robot Kyle/Textures/Robot_Normal.tga using Guid(94c473c9137744d7eabd829f1150da8d) Importer(815301076,1909f56bfc062723c751e8b465ee728b)  -> (artifact id: '915fee159714a18383921a86c10dfe8e') in 0.028379 seconds 
========================================================================
Received Import Request.
  Time since last request: 21.173901 seconds.
  path: Assets/Humanoid/Robot Kyle/Model/New Avatar Mask.mask
  artifactKey: Guid(e1ca450858835f54580f121ce6a1ea67) Importer(815301076,1909f56bfc062723c751e8b465ee728b)
Start importing Assets/Humanoid/Robot Kyle/Model/New Avatar Mask.mask using Guid(e1ca450858835f54580f121ce6a1ea67) Importer(815301076,1909f56bfc062723c751e8b465ee728b)  -> (artifact id: 'eee5bf772797d69ec830dd3842a87ac6') in 0.009055 seconds 
========================================================================
Received Import Request.
  Time since last request: 220.489308 seconds.
  path: Assets/Humanoid/Robot Kyle/Model/New Animator Controller.controller
  artifactKey: Guid(8e3a96108d378f2429cb5075d8db501f) Importer(815301076,1909f56bfc062723c751e8b465ee728b)
Start importing Assets/Humanoid/Robot Kyle/Model/New Animator Controller.controller using Guid(8e3a96108d378f2429cb5075d8db501f) Importer(815301076,1909f56bfc062723c751e8b465ee728b)  -> (artifact id: '100507638e507aac412b2fdf143f9d3d') in 0.009451 seconds 
========================================================================
Received Prepare
Registering precompiled user dll's ...
Registered in 0.006595 seconds.
Begin MonoManager ReloadAssembly
Native extension for WindowsStandalone target not found
Native extension for WebGL target not found
Refreshing native plugins compatible for Editor in 0.93 ms, found 5 plugins.
Preloading 0 native plugins for Editor in 0.00 ms.
Mono: successfully reloaded assembly
- Completed reload, in  1.304 seconds
Domain Reload Profiling:
	ReloadAssembly (1305ms)
		BeginReloadAssembly (168ms)
			ExecutionOrderSort (0ms)
			DisableScriptedObjects (7ms)
			BackupInstance (0ms)
			ReleaseScriptingObjects (0ms)
			CreateAndSetChildDomain (48ms)
		EndReloadAssembly (1016ms)
			LoadAssemblies (104ms)
			RebuildTransferFunctionScriptingTraits (0ms)
			SetupTypeCache (327ms)
			ReleaseScriptCaches (2ms)
			RebuildScriptCaches (59ms)
			SetupLoadedEditorAssemblies (468ms)
				LogAssemblyErrors (0ms)
				InitializePlatformSupportModulesInManaged (18ms)
				SetLoadedEditorAssemblies (1ms)
				RefreshPlugins (1ms)
				BeforeProcessingInitializeOnLoad (103ms)
				ProcessInitializeOnLoadAttributes (299ms)
				ProcessInitializeOnLoadMethodAttributes (38ms)
				AfterProcessingInitializeOnLoad (8ms)
				EditorAssembliesLoaded (0ms)
			ExecutionOrderSort2 (0ms)
			AwakeInstancesAfterBackupRestoration (8ms)
Platform modules already initialized, skipping
Refreshing native plugins compatible for Editor in 2.97 ms, found 5 plugins.
Preloading 0 native plugins for Editor in 0.00 ms.
Unloading 3861 Unused Serialized files (Serialized files now loaded: 0)
Unloading 24 unused Assets / (131.0 KB). Loaded Objects now: 4407.
Memory consumption went from 154.8 MB to 154.7 MB.
Total: 4.007500 ms (FindLiveObjects: 0.351400 ms CreateObjectMapping: 0.157600 ms MarkObjects: 3.343800 ms  DeleteObjects: 0.153600 ms)

AssetImportParameters requested are different than current active one (requested -> active):
  custom:video-decoder-ogg-theora: a1e56fd34408186e4bbccfd4996cb3dc -> 
  custom:container-muxer-webm: aa71ff27fc2769a1b78a27578f13a17b -> 
  custom:container-demuxer-webm: 4f35f7cbe854078d1ac9338744f61a02 -> 
  custom:video-encoder-webm-vp8: eb34c28f22e8b96e1ab97ce403110664 -> 
  custom:audio-encoder-webm-vorbis: bf7c407c2cedff20999df2af8eb42d56 -> 
  custom:framework-win-MediaFoundation: 216162199b28c13a410421893ffa2e32 -> 
  custom:container-demuxer-ogg: 62fdf1f143b41e24485cea50d1cbac27 -> 
  custom:video-decoder-webm-vp8: 9c59270c3fd7afecdb556c50c9e8de78 -> 
  custom:audio-decoder-ogg-vorbis: bf7c407c2cedff20999df2af8eb42d56 -> 
========================================================================
Received Prepare
Registering precompiled user dll's ...
Registered in 0.006493 seconds.
Begin MonoManager ReloadAssembly
Native extension for WindowsStandalone target not found
Native extension for WebGL target not found
Refreshing native plugins compatible for Editor in 0.92 ms, found 5 plugins.
Preloading 0 native plugins for Editor in 0.00 ms.
Mono: successfully reloaded assembly
- Completed reload, in  1.308 seconds
Domain Reload Profiling:
	ReloadAssembly (1309ms)
		BeginReloadAssembly (169ms)
			ExecutionOrderSort (0ms)
			DisableScriptedObjects (8ms)
			BackupInstance (0ms)
			ReleaseScriptingObjects (0ms)
			CreateAndSetChildDomain (45ms)
		EndReloadAssembly (1017ms)
			LoadAssemblies (108ms)
			RebuildTransferFunctionScriptingTraits (0ms)
			SetupTypeCache (325ms)
			ReleaseScriptCaches (2ms)
			RebuildScriptCaches (60ms)
			SetupLoadedEditorAssemblies (468ms)
				LogAssemblyErrors (0ms)
				InitializePlatformSupportModulesInManaged (17ms)
				SetLoadedEditorAssemblies (1ms)
				RefreshPlugins (1ms)
				BeforeProcessingInitializeOnLoad (103ms)
				ProcessInitializeOnLoadAttributes (300ms)
				ProcessInitializeOnLoadMethodAttributes (37ms)
				AfterProcessingInitializeOnLoad (8ms)
				EditorAssembliesLoaded (0ms)
			ExecutionOrderSort2 (0ms)
			AwakeInstancesAfterBackupRestoration (8ms)
Platform modules already initialized, skipping
Refreshing native plugins compatible for Editor in 3.07 ms, found 5 plugins.
Preloading 0 native plugins for Editor in 0.00 ms.
Unloading 3861 Unused Serialized files (Serialized files now loaded: 0)
Unloading 24 unused Assets / (123.4 KB). Loaded Objects now: 4410.
Memory consumption went from 154.9 MB to 154.8 MB.
Total: 4.443800 ms (FindLiveObjects: 0.373500 ms CreateObjectMapping: 0.162000 ms MarkObjects: 3.736700 ms  DeleteObjects: 0.170400 ms)

AssetImportParameters requested are different than current active one (requested -> active):
  custom:video-decoder-ogg-theora: a1e56fd34408186e4bbccfd4996cb3dc -> 
  custom:container-muxer-webm: aa71ff27fc2769a1b78a27578f13a17b -> 
  custom:container-demuxer-webm: 4f35f7cbe854078d1ac9338744f61a02 -> 
  custom:video-encoder-webm-vp8: eb34c28f22e8b96e1ab97ce403110664 -> 
  custom:audio-encoder-webm-vorbis: bf7c407c2cedff20999df2af8eb42d56 -> 
  custom:framework-win-MediaFoundation: 216162199b28c13a410421893ffa2e32 -> 
  custom:container-demuxer-ogg: 62fdf1f143b41e24485cea50d1cbac27 -> 
  custom:video-decoder-webm-vp8: 9c59270c3fd7afecdb556c50c9e8de78 -> 
  custom:audio-decoder-ogg-vorbis: bf7c407c2cedff20999df2af8eb42d56 -> 
========================================================================
Received Prepare
Registering precompiled user dll's ...
Registered in 0.006565 seconds.
Begin MonoManager ReloadAssembly
Native extension for WindowsStandalone target not found
Native extension for WebGL target not found
Refreshing native plugins compatible for Editor in 0.91 ms, found 5 plugins.
Preloading 0 native plugins for Editor in 0.00 ms.
Mono: successfully reloaded assembly
- Completed reload, in  1.323 seconds
Domain Reload Profiling:
	ReloadAssembly (1324ms)
		BeginReloadAssembly (172ms)
			ExecutionOrderSort (0ms)
			DisableScriptedObjects (8ms)
			BackupInstance (0ms)
			ReleaseScriptingObjects (0ms)
			CreateAndSetChildDomain (45ms)
		EndReloadAssembly (1030ms)
			LoadAssemblies (110ms)
			RebuildTransferFunctionScriptingTraits (0ms)
			SetupTypeCache (329ms)
			ReleaseScriptCaches (2ms)
			RebuildScriptCaches (66ms)
			SetupLoadedEditorAssemblies (467ms)
				LogAssemblyErrors (0ms)
				InitializePlatformSupportModulesInManaged (17ms)
				SetLoadedEditorAssemblies (1ms)
				RefreshPlugins (1ms)
				BeforeProcessingInitializeOnLoad (103ms)
				ProcessInitializeOnLoadAttributes (300ms)
				ProcessInitializeOnLoadMethodAttributes (37ms)
				AfterProcessingInitializeOnLoad (8ms)
				EditorAssembliesLoaded (0ms)
			ExecutionOrderSort2 (0ms)
			AwakeInstancesAfterBackupRestoration (8ms)
Platform modules already initialized, skipping
Refreshing native plugins compatible for Editor in 3.00 ms, found 5 plugins.
Preloading 0 native plugins for Editor in 0.00 ms.
Unloading 3861 Unused Serialized files (Serialized files now loaded: 0)
Unloading 24 unused Assets / (116.0 KB). Loaded Objects now: 4413.
Memory consumption went from 154.9 MB to 154.8 MB.
Total: 3.877600 ms (FindLiveObjects: 0.362900 ms CreateObjectMapping: 0.161400 ms MarkObjects: 3.201600 ms  DeleteObjects: 0.150600 ms)

AssetImportParameters requested are different than current active one (requested -> active):
  custom:video-decoder-ogg-theora: a1e56fd34408186e4bbccfd4996cb3dc -> 
  custom:container-muxer-webm: aa71ff27fc2769a1b78a27578f13a17b -> 
  custom:container-demuxer-webm: 4f35f7cbe854078d1ac9338744f61a02 -> 
  custom:video-encoder-webm-vp8: eb34c28f22e8b96e1ab97ce403110664 -> 
  custom:audio-encoder-webm-vorbis: bf7c407c2cedff20999df2af8eb42d56 -> 
  custom:framework-win-MediaFoundation: 216162199b28c13a410421893ffa2e32 -> 
  custom:container-demuxer-ogg: 62fdf1f143b41e24485cea50d1cbac27 -> 
  custom:video-decoder-webm-vp8: 9c59270c3fd7afecdb556c50c9e8de78 -> 
  custom:audio-decoder-ogg-vorbis: bf7c407c2cedff20999df2af8eb42d56 -> 
========================================================================
Received Prepare
Registering precompiled user dll's ...
Registered in 0.006761 seconds.
Begin MonoManager ReloadAssembly
Native extension for WindowsStandalone target not found
Native extension for WebGL target not found
Refreshing native plugins compatible for Editor in 0.92 ms, found 5 plugins.
Preloading 0 native plugins for Editor in 0.00 ms.
Mono: successfully reloaded assembly
- Completed reload, in  1.317 seconds
Domain Reload Profiling:
	ReloadAssembly (1318ms)
		BeginReloadAssembly (168ms)
			ExecutionOrderSort (0ms)
			DisableScriptedObjects (8ms)
			BackupInstance (0ms)
			ReleaseScriptingObjects (0ms)
			CreateAndSetChildDomain (46ms)
		EndReloadAssembly (1028ms)
			LoadAssemblies (111ms)
			RebuildTransferFunctionScriptingTraits (0ms)
			SetupTypeCache (332ms)
			ReleaseScriptCaches (2ms)
			RebuildScriptCaches (60ms)
			SetupLoadedEditorAssemblies (468ms)
				LogAssemblyErrors (0ms)
				InitializePlatformSupportModulesInManaged (18ms)
				SetLoadedEditorAssemblies (1ms)
				RefreshPlugins (1ms)
				BeforeProcessingInitializeOnLoad (104ms)
				ProcessInitializeOnLoadAttributes (297ms)
				ProcessInitializeOnLoadMethodAttributes (38ms)
				AfterProcessingInitializeOnLoad (8ms)
				EditorAssembliesLoaded (0ms)
			ExecutionOrderSort2 (0ms)
			AwakeInstancesAfterBackupRestoration (9ms)
Platform modules already initialized, skipping
Refreshing native plugins compatible for Editor in 3.01 ms, found 5 plugins.
Preloading 0 native plugins for Editor in 0.00 ms.
Unloading 3861 Unused Serialized files (Serialized files now loaded: 0)
Unloading 24 unused Assets / (116.0 KB). Loaded Objects now: 4416.
Memory consumption went from 154.9 MB to 154.8 MB.
Total: 5.374200 ms (FindLiveObjects: 0.362100 ms CreateObjectMapping: 0.167900 ms MarkObjects: 4.639900 ms  DeleteObjects: 0.203200 ms)

AssetImportParameters requested are different than current active one (requested -> active):
  custom:video-decoder-ogg-theora: a1e56fd34408186e4bbccfd4996cb3dc -> 
  custom:container-muxer-webm: aa71ff27fc2769a1b78a27578f13a17b -> 
  custom:container-demuxer-webm: 4f35f7cbe854078d1ac9338744f61a02 -> 
  custom:video-encoder-webm-vp8: eb34c28f22e8b96e1ab97ce403110664 -> 
  custom:audio-encoder-webm-vorbis: bf7c407c2cedff20999df2af8eb42d56 -> 
  custom:framework-win-MediaFoundation: 216162199b28c13a410421893ffa2e32 -> 
  custom:container-demuxer-ogg: 62fdf1f143b41e24485cea50d1cbac27 -> 
  custom:video-decoder-webm-vp8: 9c59270c3fd7afecdb556c50c9e8de78 -> 
  custom:audio-decoder-ogg-vorbis: bf7c407c2cedff20999df2af8eb42d56 -> 
========================================================================
Received Prepare
Registering precompiled user dll's ...
Registered in 0.006715 seconds.
Begin MonoManager ReloadAssembly
Native extension for WindowsStandalone target not found
Native extension for WebGL target not found
Refreshing native plugins compatible for Editor in 1.01 ms, found 5 plugins.
Preloading 0 native plugins for Editor in 0.00 ms.
Mono: successfully reloaded assembly
- Completed reload, in  1.302 seconds
Domain Reload Profiling:
	ReloadAssembly (1303ms)
		BeginReloadAssembly (165ms)
			ExecutionOrderSort (0ms)
			DisableScriptedObjects (8ms)
			BackupInstance (0ms)
			ReleaseScriptingObjects (0ms)
			CreateAndSetChildDomain (43ms)
		EndReloadAssembly (1017ms)
			LoadAssemblies (108ms)
			RebuildTransferFunctionScriptingTraits (0ms)
			SetupTypeCache (328ms)
			ReleaseScriptCaches (2ms)
			RebuildScriptCaches (58ms)
			SetupLoadedEditorAssemblies (462ms)
				LogAssemblyErrors (0ms)
				InitializePlatformSupportModulesInManaged (17ms)
				SetLoadedEditorAssemblies (1ms)
				RefreshPlugins (1ms)
				BeforeProcessingInitializeOnLoad (105ms)
				ProcessInitializeOnLoadAttributes (292ms)
				ProcessInitializeOnLoadMethodAttributes (38ms)
				AfterProcessingInitializeOnLoad (8ms)
				EditorAssembliesLoaded (0ms)
			ExecutionOrderSort2 (0ms)
			AwakeInstancesAfterBackupRestoration (10ms)
Platform modules already initialized, skipping
Refreshing native plugins compatible for Editor in 3.00 ms, found 5 plugins.
Preloading 0 native plugins for Editor in 0.00 ms.
Unloading 3861 Unused Serialized files (Serialized files now loaded: 0)
Unloading 24 unused Assets / (123.6 KB). Loaded Objects now: 4419.
Memory consumption went from 154.9 MB to 154.8 MB.
Total: 6.262500 ms (FindLiveObjects: 0.371100 ms CreateObjectMapping: 0.163900 ms MarkObjects: 5.566900 ms  DeleteObjects: 0.159800 ms)

AssetImportParameters requested are different than current active one (requested -> active):
  custom:video-decoder-ogg-theora: a1e56fd34408186e4bbccfd4996cb3dc -> 
  custom:container-muxer-webm: aa71ff27fc2769a1b78a27578f13a17b -> 
  custom:container-demuxer-webm: 4f35f7cbe854078d1ac9338744f61a02 -> 
  custom:video-encoder-webm-vp8: eb34c28f22e8b96e1ab97ce403110664 -> 
  custom:audio-encoder-webm-vorbis: bf7c407c2cedff20999df2af8eb42d56 -> 
  custom:framework-win-MediaFoundation: 216162199b28c13a410421893ffa2e32 -> 
  custom:container-demuxer-ogg: 62fdf1f143b41e24485cea50d1cbac27 -> 
  custom:video-decoder-webm-vp8: 9c59270c3fd7afecdb556c50c9e8de78 -> 
  custom:audio-decoder-ogg-vorbis: bf7c407c2cedff20999df2af8eb42d56 -> 
========================================================================
Received Prepare
Registering precompiled user dll's ...
Registered in 0.006856 seconds.
Begin MonoManager ReloadAssembly
Native extension for WindowsStandalone target not found
Native extension for WebGL target not found
Refreshing native plugins compatible for Editor in 0.90 ms, found 5 plugins.
Preloading 0 native plugins for Editor in 0.00 ms.
Mono: successfully reloaded assembly
- Completed reload, in  1.317 seconds
Domain Reload Profiling:
	ReloadAssembly (1318ms)
		BeginReloadAssembly (166ms)
			ExecutionOrderSort (0ms)
			DisableScriptedObjects (8ms)
			BackupInstance (0ms)
			ReleaseScriptingObjects (0ms)
			CreateAndSetChildDomain (44ms)
		EndReloadAssembly (1031ms)
			LoadAssemblies (110ms)
			RebuildTransferFunctionScriptingTraits (0ms)
			SetupTypeCache (327ms)
			ReleaseScriptCaches (2ms)
			RebuildScriptCaches (61ms)
			SetupLoadedEditorAssemblies (475ms)
				LogAssemblyErrors (0ms)
				InitializePlatformSupportModulesInManaged (18ms)
				SetLoadedEditorAssemblies (1ms)
				RefreshPlugins (1ms)
				BeforeProcessingInitializeOnLoad (119ms)
				ProcessInitializeOnLoadAttributes (292ms)
				ProcessInitializeOnLoadMethodAttributes (36ms)
				AfterProcessingInitializeOnLoad (8ms)
				EditorAssembliesLoaded (0ms)
			ExecutionOrderSort2 (0ms)
			AwakeInstancesAfterBackupRestoration (7ms)
Platform modules already initialized, skipping
Refreshing native plugins compatible for Editor in 4.21 ms, found 5 plugins.
Preloading 0 native plugins for Editor in 0.00 ms.
Unloading 3861 Unused Serialized files (Serialized files now loaded: 0)
Unloading 24 unused Assets / (115.9 KB). Loaded Objects now: 4422.
Memory consumption went from 154.9 MB to 154.8 MB.
Total: 3.729100 ms (FindLiveObjects: 0.369900 ms CreateObjectMapping: 0.163600 ms MarkObjects: 3.041500 ms  DeleteObjects: 0.153200 ms)

AssetImportParameters requested are different than current active one (requested -> active):
  custom:video-decoder-ogg-theora: a1e56fd34408186e4bbccfd4996cb3dc -> 
  custom:container-muxer-webm: aa71ff27fc2769a1b78a27578f13a17b -> 
  custom:container-demuxer-webm: 4f35f7cbe854078d1ac9338744f61a02 -> 
  custom:video-encoder-webm-vp8: eb34c28f22e8b96e1ab97ce403110664 -> 
  custom:audio-encoder-webm-vorbis: bf7c407c2cedff20999df2af8eb42d56 -> 
  custom:framework-win-MediaFoundation: 216162199b28c13a410421893ffa2e32 -> 
  custom:container-demuxer-ogg: 62fdf1f143b41e24485cea50d1cbac27 -> 
  custom:video-decoder-webm-vp8: 9c59270c3fd7afecdb556c50c9e8de78 -> 
  custom:audio-decoder-ogg-vorbis: bf7c407c2cedff20999df2af8eb42d56 -> 
